Mar 14, 2022 3:48:58 PM stepDefs.Hooks startUp
INFO: Scenario TFSAgile_WorkitemCreation run is starting now
Mar 14, 2022 3:48:58 PM stepDefs.Hooks startUp
INFO: Scenario start time: 2022-03-14 15:48:58.356
Mar 14, 2022 3:48:58 PM testobjects.CommonFunctions copyFileContentFromOneFileToAnother
INFO: Property File loaded
Mar 14, 2022 3:49:20 PM utilities.selenium.SeleniumDSL prepareWebElementWithDynamicXpath
INFO: Generated xpath isBy.xpath: //div[@class='project-name font-size-l font-weight-semibold text-ellipsis'][text()='TFS Agile1_ Client-Native']
Mar 14, 2022 3:49:40 PM utilities.reporting.Reporting create_logs_and_report
INFO: Bug_01 id is 337181
Mar 14, 2022 3:51:59 PM testobjects.TFSWorkitem EnterWorkItemDetails
INFO: issue entering workitem details for workitem Requirement_01
Mar 14, 2022 3:53:18 PM utilities.selenium.SeleniumDSL prepareWebElementWithDynamicXpath
INFO: Generated xpath isBy.xpath: //div[text()='Release_AutomationData9758']
Mar 14, 2022 3:53:18 PM utilities.selenium.SeleniumDSL prepareWebElementWithDynamicXpath
INFO: Generated xpath isBy.xpath: //div[@class='grid-cell-contents-container'][text()='Release_AutomationData9758']//preceding::div[@aria-label='Row actions'][1]
Mar 14, 2022 3:53:30 PM stepDefs.Hooks closeDown
INFO: =======================================================================
Mar 14, 2022 3:53:30 PM stepDefs.Hooks closeDown
INFO: Scenario  PASSED during execution. Scenario end time: 2022-03-14 15:53:30.933
Mar 14, 2022 3:53:45 PM stepDefs.Hooks startUp
INFO: Scenario TFSAgile_Task run is starting now
Mar 14, 2022 3:53:45 PM stepDefs.Hooks startUp
INFO: Scenario start time: 2022-03-14 15:53:45.2
Mar 14, 2022 3:53:57 PM testobjects.CommonFunctions generateToken
INFO: token gen comlpete
Mar 14, 2022 3:53:58 PM testobjects.CommonFunctions copyFileContentFromOneFileToAnother
INFO: Property File loaded
Mar 14, 2022 3:54:03 PM stepDefs.Hooks closeDown
INFO: =======================================================================
Mar 14, 2022 3:54:03 PM stepDefs.Hooks closeDown
INFO: Scenario  PASSED during execution. Scenario end time: 2022-03-14 15:54:03.185
Mar 14, 2022 3:54:16 PM stepDefs.Hooks startUp
INFO: Scenario TFSAgile_Epic run is starting now
Mar 14, 2022 3:54:16 PM stepDefs.Hooks startUp
INFO: Scenario start time: 2022-03-14 15:54:16.912
Mar 14, 2022 3:54:21 PM stepDefs.Hooks closeDown
INFO: =======================================================================
Mar 14, 2022 3:54:21 PM stepDefs.Hooks closeDown
INFO: Scenario  PASSED during execution. Scenario end time: 2022-03-14 15:54:21.371
Mar 14, 2022 3:54:34 PM stepDefs.Hooks startUp
INFO: Scenario TFSAgile_Story run is starting now
Mar 14, 2022 3:54:34 PM stepDefs.Hooks startUp
INFO: Scenario start time: 2022-03-14 15:54:34.997
Mar 14, 2022 3:54:36 PM stepDefs.Hooks closeDown
INFO: =======================================================================
Mar 14, 2022 3:54:36 PM stepDefs.Hooks closeDown
INFO: Scenario  FAILED during execution. Scenario end time: 2022-03-14 15:54:36.839
Mar 14, 2022 3:54:50 PM stepDefs.Hooks startUp
INFO: Scenario TFSAgile_Issue run is starting now
Mar 14, 2022 3:54:50 PM stepDefs.Hooks startUp
INFO: Scenario start time: 2022-03-14 15:54:50.157
Mar 14, 2022 3:54:51 PM stepDefs.Hooks closeDown
INFO: =======================================================================
Mar 14, 2022 3:54:51 PM stepDefs.Hooks closeDown
INFO: Scenario  PASSED during execution. Scenario end time: 2022-03-14 15:54:51.773
Mar 14, 2022 3:55:05 PM stepDefs.Hooks startUp
INFO: Scenario TFSAgile_Bug run is starting now
Mar 14, 2022 3:55:05 PM stepDefs.Hooks startUp
INFO: Scenario start time: 2022-03-14 15:55:05.323
Mar 14, 2022 3:55:06 PM stepDefs.Hooks closeDown
INFO: =======================================================================
Mar 14, 2022 3:55:06 PM stepDefs.Hooks closeDown
INFO: Scenario  PASSED during execution. Scenario end time: 2022-03-14 15:55:06.959
Mar 14, 2022 3:55:20 PM stepDefs.Hooks startUp
INFO: Scenario TFSAgile_Feature run is starting now
Mar 14, 2022 3:55:20 PM stepDefs.Hooks startUp
INFO: Scenario start time: 2022-03-14 15:55:20.693
Mar 14, 2022 3:55:23 PM stepDefs.Hooks closeDown
INFO: =======================================================================
Mar 14, 2022 3:55:23 PM stepDefs.Hooks closeDown
INFO: Scenario  PASSED during execution. Scenario end time: 2022-03-14 15:55:23.742
Mar 14, 2022 3:55:37 PM stepDefs.Hooks startUp
INFO: Scenario TFSAgile_Requirement run is starting now
Mar 14, 2022 3:55:37 PM stepDefs.Hooks startUp
INFO: Scenario start time: 2022-03-14 15:55:37.287
Mar 14, 2022 3:55:37 PM stepDefs.Hooks closeDown
INFO: =======================================================================
Mar 14, 2022 3:55:37 PM stepDefs.Hooks closeDown
INFO: Scenario  FAILED during execution. Scenario end time: 2022-03-14 15:55:37.293
Mar 14, 2022 3:55:50 PM stepDefs.Hooks startUp
INFO: Scenario TFSAgile_TestCase run is starting now
Mar 14, 2022 3:55:50 PM stepDefs.Hooks startUp
INFO: Scenario start time: 2022-03-14 15:55:50.482
Mar 14, 2022 3:55:56 PM stepDefs.Hooks closeDown
INFO: =======================================================================
Mar 14, 2022 3:55:56 PM stepDefs.Hooks closeDown
INFO: Scenario  PASSED during execution. Scenario end time: 2022-03-14 15:55:56.51
Mar 14, 2022 3:56:09 PM stepDefs.Hooks startUp
INFO: Scenario TFSAgile_Risk run is starting now
Mar 14, 2022 3:56:09 PM stepDefs.Hooks startUp
INFO: Scenario start time: 2022-03-14 15:56:09.975
Mar 14, 2022 3:56:11 PM stepDefs.Hooks closeDown
INFO: =======================================================================
Mar 14, 2022 3:56:11 PM stepDefs.Hooks closeDown
INFO: Scenario  PASSED during execution. Scenario end time: 2022-03-14 15:56:11.63
Mar 14, 2022 3:56:25 PM stepDefs.Hooks startUp
INFO: Scenario TFSAgile_Deliverable run is starting now
Mar 14, 2022 3:56:25 PM stepDefs.Hooks startUp
INFO: Scenario start time: 2022-03-14 15:56:25.053
Mar 14, 2022 3:56:26 PM stepDefs.Hooks closeDown
INFO: =======================================================================
Mar 14, 2022 3:56:26 PM stepDefs.Hooks closeDown
INFO: Scenario  FAILED during execution. Scenario end time: 2022-03-14 15:56:26.781
Mar 14, 2022 3:56:40 PM stepDefs.Hooks startUp
INFO: Scenario TFSAgile_Action run is starting now
Mar 14, 2022 3:56:40 PM stepDefs.Hooks startUp
INFO: Scenario start time: 2022-03-14 15:56:40.092
Mar 14, 2022 3:56:41 PM stepDefs.Hooks closeDown
INFO: =======================================================================
Mar 14, 2022 3:56:41 PM stepDefs.Hooks closeDown
INFO: Scenario  PASSED during execution. Scenario end time: 2022-03-14 15:56:41.748
Mar 14, 2022 3:56:55 PM stepDefs.Hooks startUp
INFO: Scenario TFSAgile_Decision run is starting now
Mar 14, 2022 3:56:55 PM stepDefs.Hooks startUp
INFO: Scenario start time: 2022-03-14 15:56:55.455
Mar 14, 2022 3:56:57 PM stepDefs.Hooks closeDown
INFO: =======================================================================
Mar 14, 2022 3:56:57 PM stepDefs.Hooks closeDown
INFO: Scenario  FAILED during execution. Scenario end time: 2022-03-14 15:56:57.192
Mar 14, 2022 3:57:12 PM stepDefs.Hooks startUp
INFO: Scenario TFSAgile_Milestone run is starting now
Mar 14, 2022 3:57:12 PM stepDefs.Hooks startUp
INFO: Scenario start time: 2022-03-14 15:57:12.563
Mar 14, 2022 3:57:14 PM stepDefs.Hooks closeDown
INFO: =======================================================================
Mar 14, 2022 3:57:14 PM stepDefs.Hooks closeDown
INFO: Scenario  FAILED during execution. Scenario end time: 2022-03-14 15:57:14.13
Mar 14, 2022 3:57:27 PM stepDefs.Hooks startUp
INFO: Scenario TFSAgile_WorkRequest run is starting now
Mar 14, 2022 3:57:27 PM stepDefs.Hooks startUp
INFO: Scenario start time: 2022-03-14 15:57:27.824
Mar 14, 2022 3:57:29 PM stepDefs.Hooks closeDown
INFO: =======================================================================
Mar 14, 2022 3:57:29 PM stepDefs.Hooks closeDown
INFO: Scenario  FAILED during execution. Scenario end time: 2022-03-14 15:57:29.304
Mar 14, 2022 3:57:42 PM stepDefs.Hooks startUp
INFO: Scenario TFSAgile_DIY_IBVerification_Release_Sprint run is starting now
Mar 14, 2022 3:57:42 PM stepDefs.Hooks startUp
INFO: Scenario start time: 2022-03-14 15:57:42.886
Mar 14, 2022 4:04:14 PM testobjects.CommonAcrossApps LoginToMyWizard
INFO: MyWizard page could not be loaded
Mar 14, 2022 4:04:14 PM stepDefs.Hooks closeDown
INFO: =======================================================================
Mar 14, 2022 4:04:14 PM stepDefs.Hooks closeDown
INFO: Scenario  FAILED during execution. Scenario end time: 2022-03-14 16:04:14.404
