Mar 14, 2022 6:10:52 PM stepDefs.Hooks startUp
INFO: Scenario TFSAgile_WorkitemCreation run is starting now
Mar 14, 2022 6:10:52 PM stepDefs.Hooks startUp
INFO: Scenario start time: 2022-03-14 18:10:52.221
Mar 14, 2022 6:10:52 PM testobjects.CommonFunctions copyFileContentFromOneFileToAnother
INFO: Property File loaded
Mar 14, 2022 6:11:13 PM utilities.selenium.SeleniumDSL prepareWebElementWithDynamicXpath
INFO: Generated xpath isBy.xpath: //div[@class='project-name font-size-l font-weight-semibold text-ellipsis'][text()='TFS Agile1_ Client-Native']
Mar 14, 2022 6:11:32 PM utilities.reporting.Reporting create_logs_and_report
INFO: Bug_01 id is 337232
Mar 14, 2022 6:15:03 PM utilities.selenium.SeleniumDSL prepareWebElementWithDynamicXpath
INFO: Generated xpath isBy.xpath: //div[text()='Release_AutomationData7093']
Mar 14, 2022 6:15:03 PM utilities.selenium.SeleniumDSL prepareWebElementWithDynamicXpath
INFO: Generated xpath isBy.xpath: //div[@class='grid-cell-contents-container'][text()='Release_AutomationData7093']//preceding::div[@aria-label='Row actions'][1]
Mar 14, 2022 6:15:15 PM stepDefs.Hooks closeDown
INFO: =======================================================================
Mar 14, 2022 6:15:15 PM stepDefs.Hooks closeDown
INFO: Scenario  PASSED during execution. Scenario end time: 2022-03-14 18:15:15.348
Mar 14, 2022 6:15:29 PM stepDefs.Hooks startUp
INFO: Scenario TFSAgile_Task run is starting now
Mar 14, 2022 6:15:29 PM stepDefs.Hooks startUp
INFO: Scenario start time: 2022-03-14 18:15:29.377
Mar 14, 2022 6:15:42 PM testobjects.CommonFunctions generateToken
INFO: token gen comlpete
Mar 14, 2022 6:15:43 PM testobjects.CommonFunctions copyFileContentFromOneFileToAnother
INFO: Property File loaded
Mar 14, 2022 6:15:45 PM stepDefs.Hooks closeDown
INFO: =======================================================================
Mar 14, 2022 6:15:45 PM stepDefs.Hooks closeDown
INFO: Scenario  PASSED during execution. Scenario end time: 2022-03-14 18:15:45.551
Mar 14, 2022 6:16:00 PM stepDefs.Hooks startUp
INFO: Scenario TFSAgile_Epic run is starting now
Mar 14, 2022 6:16:00 PM stepDefs.Hooks startUp
INFO: Scenario start time: 2022-03-14 18:16:00.57
Mar 14, 2022 6:16:05 PM stepDefs.Hooks closeDown
INFO: =======================================================================
Mar 14, 2022 6:16:05 PM stepDefs.Hooks closeDown
INFO: Scenario  PASSED during execution. Scenario end time: 2022-03-14 18:16:05.379
Mar 14, 2022 6:16:18 PM stepDefs.Hooks startUp
INFO: Scenario TFSAgile_Story run is starting now
Mar 14, 2022 6:16:18 PM stepDefs.Hooks startUp
INFO: Scenario start time: 2022-03-14 18:16:18.987
Mar 14, 2022 6:16:20 PM stepDefs.Hooks closeDown
INFO: =======================================================================
Mar 14, 2022 6:16:20 PM stepDefs.Hooks closeDown
INFO: Scenario  FAILED during execution. Scenario end time: 2022-03-14 18:16:20.565
Mar 14, 2022 6:16:33 PM stepDefs.Hooks startUp
INFO: Scenario TFSAgile_Issue run is starting now
Mar 14, 2022 6:16:33 PM stepDefs.Hooks startUp
INFO: Scenario start time: 2022-03-14 18:16:33.653
Mar 14, 2022 6:16:40 PM stepDefs.Hooks closeDown
INFO: =======================================================================
Mar 14, 2022 6:16:40 PM stepDefs.Hooks closeDown
INFO: Scenario  PASSED during execution. Scenario end time: 2022-03-14 18:16:40.638
Mar 14, 2022 6:16:55 PM stepDefs.Hooks startUp
INFO: Scenario TFSAgile_Bug run is starting now
Mar 14, 2022 6:16:55 PM stepDefs.Hooks startUp
INFO: Scenario start time: 2022-03-14 18:16:55.217
Mar 14, 2022 6:16:56 PM stepDefs.Hooks closeDown
INFO: =======================================================================
Mar 14, 2022 6:16:56 PM stepDefs.Hooks closeDown
INFO: Scenario  PASSED during execution. Scenario end time: 2022-03-14 18:16:56.989
Mar 14, 2022 6:17:11 PM stepDefs.Hooks startUp
INFO: Scenario TFSAgile_Feature run is starting now
Mar 14, 2022 6:17:11 PM stepDefs.Hooks startUp
INFO: Scenario start time: 2022-03-14 18:17:11.485
Mar 14, 2022 6:17:13 PM stepDefs.Hooks closeDown
INFO: =======================================================================
Mar 14, 2022 6:17:13 PM stepDefs.Hooks closeDown
INFO: Scenario  PASSED during execution. Scenario end time: 2022-03-14 18:17:13.159
Mar 14, 2022 6:17:26 PM stepDefs.Hooks startUp
INFO: Scenario TFSAgile_Requirement run is starting now
Mar 14, 2022 6:17:26 PM stepDefs.Hooks startUp
INFO: Scenario start time: 2022-03-14 18:17:26.694
Mar 14, 2022 6:17:30 PM stepDefs.Hooks closeDown
INFO: =======================================================================
Mar 14, 2022 6:17:30 PM stepDefs.Hooks closeDown
INFO: Scenario  FAILED during execution. Scenario end time: 2022-03-14 18:17:30.996
Mar 14, 2022 6:17:44 PM stepDefs.Hooks startUp
INFO: Scenario TFSAgile_TestCase run is starting now
Mar 14, 2022 6:17:44 PM stepDefs.Hooks startUp
INFO: Scenario start time: 2022-03-14 18:17:44.468
Mar 14, 2022 6:17:48 PM stepDefs.Hooks closeDown
INFO: =======================================================================
Mar 14, 2022 6:17:48 PM stepDefs.Hooks closeDown
INFO: Scenario  PASSED during execution. Scenario end time: 2022-03-14 18:17:48.691
Mar 14, 2022 6:18:02 PM stepDefs.Hooks startUp
INFO: Scenario TFSAgile_Risk run is starting now
Mar 14, 2022 6:18:02 PM stepDefs.Hooks startUp
INFO: Scenario start time: 2022-03-14 18:18:02.164
Mar 14, 2022 6:18:06 PM stepDefs.Hooks closeDown
INFO: =======================================================================
Mar 14, 2022 6:18:06 PM stepDefs.Hooks closeDown
INFO: Scenario  PASSED during execution. Scenario end time: 2022-03-14 18:18:06.532
Mar 14, 2022 6:18:19 PM stepDefs.Hooks startUp
INFO: Scenario TFSAgile_Deliverable run is starting now
Mar 14, 2022 6:18:19 PM stepDefs.Hooks startUp
INFO: Scenario start time: 2022-03-14 18:18:19.761
Mar 14, 2022 6:18:21 PM stepDefs.Hooks closeDown
INFO: =======================================================================
Mar 14, 2022 6:18:21 PM stepDefs.Hooks closeDown
INFO: Scenario  FAILED during execution. Scenario end time: 2022-03-14 18:18:21.343
Mar 14, 2022 6:18:34 PM stepDefs.Hooks startUp
INFO: Scenario TFSAgile_Action run is starting now
Mar 14, 2022 6:18:34 PM stepDefs.Hooks startUp
INFO: Scenario start time: 2022-03-14 18:18:34.538
Mar 14, 2022 6:18:36 PM stepDefs.Hooks closeDown
INFO: =======================================================================
Mar 14, 2022 6:18:36 PM stepDefs.Hooks closeDown
INFO: Scenario  PASSED during execution. Scenario end time: 2022-03-14 18:18:36.261
Mar 14, 2022 6:18:49 PM stepDefs.Hooks startUp
INFO: Scenario TFSAgile_Decision run is starting now
Mar 14, 2022 6:18:49 PM stepDefs.Hooks startUp
INFO: Scenario start time: 2022-03-14 18:18:49.428
Mar 14, 2022 6:18:51 PM stepDefs.Hooks closeDown
INFO: =======================================================================
Mar 14, 2022 6:18:51 PM stepDefs.Hooks closeDown
INFO: Scenario  FAILED during execution. Scenario end time: 2022-03-14 18:18:51.083
Mar 14, 2022 6:19:04 PM stepDefs.Hooks startUp
INFO: Scenario TFSAgile_Milestone run is starting now
Mar 14, 2022 6:19:04 PM stepDefs.Hooks startUp
INFO: Scenario start time: 2022-03-14 18:19:04.239
Mar 14, 2022 6:19:05 PM stepDefs.Hooks closeDown
INFO: =======================================================================
Mar 14, 2022 6:19:05 PM stepDefs.Hooks closeDown
INFO: Scenario  FAILED during execution. Scenario end time: 2022-03-14 18:19:05.815
Mar 14, 2022 6:19:18 PM stepDefs.Hooks startUp
INFO: Scenario TFSAgile_WorkRequest run is starting now
Mar 14, 2022 6:19:18 PM stepDefs.Hooks startUp
INFO: Scenario start time: 2022-03-14 18:19:18.988
Mar 14, 2022 6:19:23 PM stepDefs.Hooks closeDown
INFO: =======================================================================
Mar 14, 2022 6:19:23 PM stepDefs.Hooks closeDown
INFO: Scenario  FAILED during execution. Scenario end time: 2022-03-14 18:19:23.144
Mar 14, 2022 6:19:36 PM stepDefs.Hooks startUp
INFO: Scenario TFSAgile_DIY_IBVerification_Release_Sprint run is starting now
Mar 14, 2022 6:19:36 PM stepDefs.Hooks startUp
INFO: Scenario start time: 2022-03-14 18:19:36.388
Mar 14, 2022 6:21:29 PM utilities.selenium.SeleniumDSL prepareWebElementWithDynamicXpath
INFO: Generated xpath isBy.xpath: //div[@data-test-id='testuser01art@ds.dev.accenture.com']
Mar 14, 2022 6:21:37 PM utilities.selenium.SeleniumDSL prepareWebElementWithDynamicXpath
INFO: Generated xpath isBy.xpath: //div[@class='tile-title'][text()='my Queries']
Mar 14, 2022 6:21:37 PM utilities.selenium.SeleniumDSL prepareWebElementWithDynamicXpath
INFO: Generated xpath isBy.xpath: //div[@class='tile-title'][text()='my Queries']
Mar 14, 2022 6:22:03 PM utilities.selenium.SeleniumDSL prepareWebElementWithDynamicXpath
INFO: Generated xpath isBy.xpath: //span[text()='Program_DC for TFS Agile']
Mar 14, 2022 6:22:13 PM testobjects.MyWizardHomePage SelectClientAndDC
INFO: Issue selecting client or DC
Mar 14, 2022 6:22:13 PM stepDefs.Hooks closeDown
INFO: =======================================================================
Mar 14, 2022 6:22:13 PM stepDefs.Hooks closeDown
INFO: Scenario  FAILED during execution. Scenario end time: 2022-03-14 18:22:13.589
